
 Deleting IDs from node__field_contract_officer_represent table. 
. Deleted data of node__field_contract_officer_represent field from - https://catalog.sec.gov/node/4171
. Deleted data of node__field_contract_officer_represent field from - https://catalog.sec.gov/node/4186
. Deleted data of node__field_contract_officer_represent field from - https://catalog.sec.gov/node/4226
. Deleted data of node__field_contract_officer_represent field from - https://catalog.sec.gov/node/4241
. Deleted data of node__field_contract_officer_represent field from - https://catalog.sec.gov/node/4256
. Deleted data of node__field_contract_officer_represent field from - https://catalog.sec.gov/node/4261
. Deleted data of node__field_contract_officer_represent field from - https://catalog.sec.gov/node/4266
. Deleted data of node__field_contract_officer_represent field from - https://catalog.sec.gov/node/4276
. Deleted data of node__field_contract_officer_represent field from - https://catalog.sec.gov/node/4281
. Deleted data of node__field_contract_officer_represent field from - https://catalog.sec.gov/node/4311
. Deleted data of node__field_contract_officer_represent field from - https://catalog.sec.gov/node/4371
. Deleted data of node__field_contract_officer_represent field from - https://catalog.sec.gov/node/4396
. Deleted data of node__field_contract_officer_represent field from - https://catalog.sec.gov/node/4401
. Deleted data of node__field_contract_officer_represent field from - https://catalog.sec.gov/node/4406
. Deleted data of node__field_contract_officer_represent field from - https://catalog.sec.gov/node/4416
. Deleted data of node__field_contract_officer_represent field from - https://catalog.sec.gov/node/4456
. Deleted data of node__field_contract_officer_represent field from - https://catalog.sec.gov/node/4476
. Deleted data of node__field_contract_officer_represent field from - https://catalog.sec.gov/node/4491
. Deleted data of node__field_contract_officer_represent field from - https://catalog.sec.gov/node/4551
. Deleted data of node__field_contract_officer_represent field from - https://catalog.sec.gov/node/4556
. Deleted data of node__field_contract_officer_represent field from - https://catalog.sec.gov/node/4561
. Deleted data of node__field_contract_officer_represent field from - https://catalog.sec.gov/node/4626
. Deleted data of node__field_contract_officer_represent field from - https://catalog.sec.gov/node/4741
. Deleted data of node__field_contract_officer_represent field from - https://catalog.sec.gov/node/4746
. Deleted data of node__field_contract_officer_represent field from - https://catalog.sec.gov/node/4776
. Deleted data of node__field_contract_officer_represent field from - https://catalog.sec.gov/node/4796
. Deleted data of node__field_contract_officer_represent field from - https://catalog.sec.gov/node/4811
. Deleted data of node__field_contract_officer_represent field from - https://catalog.sec.gov/node/4901
. Deleted data of node__field_contract_officer_represent field from - https://catalog.sec.gov/node/4906
. Deleted data of node__field_contract_officer_represent field from - https://catalog.sec.gov/node/4916
. Deleted data of node__field_contract_officer_represent field from - https://catalog.sec.gov/node/4921
. Deleted data of node__field_contract_officer_represent field from - https://catalog.sec.gov/node/4926
. Deleted data of node__field_contract_officer_represent field from - https://catalog.sec.gov/node/4936
. Deleted data of node__field_contract_officer_represent field from - https://catalog.sec.gov/node/4941
. Deleted data of node__field_contract_officer_represent field from - https://catalog.sec.gov/node/4966
. Deleted data of node__field_contract_officer_represent field from - https://catalog.sec.gov/node/4986
. Deleted data of node__field_contract_officer_represent field from - https://catalog.sec.gov/node/4991
. Deleted data of node__field_contract_officer_represent field from - https://catalog.sec.gov/node/5001
. Deleted data of node__field_contract_officer_represent field from - https://catalog.sec.gov/node/5016
. Deleted data of node__field_contract_officer_represent field from - https://catalog.sec.gov/node/5021
. Deleted data of node__field_contract_officer_represent field from - https://catalog.sec.gov/node/5026
. Deleted data of node__field_contract_officer_represent field from - https://catalog.sec.gov/node/5031
. Deleted data of node__field_contract_officer_represent field from - https://catalog.sec.gov/node/5036
. Deleted data of node__field_contract_officer_represent field from - https://catalog.sec.gov/node/5061
. Deleted data of node__field_contract_officer_represent field from - https://catalog.sec.gov/node/5076
. Deleted data of node__field_contract_officer_represent field from - https://catalog.sec.gov/node/5086
. Deleted data of node__field_contract_officer_represent field from - https://catalog.sec.gov/node/5106
. Deleted data of node__field_contract_officer_represent field from - https://catalog.sec.gov/node/5116
. Deleted data of node__field_contract_officer_represent field from - https://catalog.sec.gov/node/5121
. Deleted data of node__field_contract_officer_represent field from - https://catalog.sec.gov/node/5126
. Deleted data of node__field_contract_officer_represent field from - https://catalog.sec.gov/node/5131
. Deleted data of node__field_contract_officer_represent field from - https://catalog.sec.gov/node/5136
. Deleted data of node__field_contract_officer_represent field from - https://catalog.sec.gov/node/5141
. Deleted data of node__field_contract_officer_represent field from - https://catalog.sec.gov/node/5171
. Deleted data of node__field_contract_officer_represent field from - https://catalog.sec.gov/node/5176
. Deleted data of node__field_contract_officer_represent field from - https://catalog.sec.gov/node/5181
. Deleted data of node__field_contract_officer_represent field from - https://catalog.sec.gov/node/5186
. Deleted data of node__field_contract_officer_represent field from - https://catalog.sec.gov/node/5221
. Deleted data of node__field_contract_officer_represent field from - https://catalog.sec.gov/node/5261
. Deleted data of node__field_contract_officer_represent field from - https://catalog.sec.gov/node/5266
. Deleted data of node__field_contract_officer_represent field from - https://catalog.sec.gov/node/5276
. Deleted data of node__field_contract_officer_represent field from - https://catalog.sec.gov/node/5306
. Deleted data of node__field_contract_officer_represent field from - https://catalog.sec.gov/node/5311
. Deleted data of node__field_contract_officer_represent field from - https://catalog.sec.gov/node/5316
. Deleted data of node__field_contract_officer_represent field from - https://catalog.sec.gov/node/5341
. Deleted data of node__field_contract_officer_represent field from - https://catalog.sec.gov/node/5391
. Deleted data of node__field_contract_officer_represent field from - https://catalog.sec.gov/node/5406
. Deleted data of node__field_contract_officer_represent field from - https://catalog.sec.gov/node/5411
. Deleted data of node__field_contract_officer_represent field from - https://catalog.sec.gov/node/5416
. Deleted data of node__field_contract_officer_represent field from - https://catalog.sec.gov/node/5481
. Deleted data of node__field_contract_officer_represent field from - https://catalog.sec.gov/node/5536
. Deleted data of node__field_contract_officer_represent field from - https://catalog.sec.gov/node/5621
. Deleted data of node__field_contract_officer_represent field from - https://catalog.sec.gov/node/5626
. Deleted data of node__field_contract_officer_represent field from - https://catalog.sec.gov/node/5681
. Deleted data of node__field_contract_officer_represent field from - https://catalog.sec.gov/node/5731
. Deleted data of node__field_contract_officer_represent field from - https://catalog.sec.gov/node/5736
. Deleted data of node__field_contract_officer_represent field from - https://catalog.sec.gov/node/5746
. Deleted data of node__field_contract_officer_represent field from - https://catalog.sec.gov/node/5771
. Deleted data of node__field_contract_officer_represent field from - https://catalog.sec.gov/node/5786
. Deleted data of node__field_contract_officer_represent field from - https://catalog.sec.gov/node/5796
. Deleted data of node__field_contract_officer_represent field from - https://catalog.sec.gov/node/5801
. Deleted data of node__field_contract_officer_represent field from - https://catalog.sec.gov/node/5846
. Deleted data of node__field_contract_officer_represent field from - https://catalog.sec.gov/node/5866
. Deleted data of node__field_contract_officer_represent field from - https://catalog.sec.gov/node/7096
. Deleted data of node__field_contract_officer_represent field from - https://catalog.sec.gov/node/7716
. Deleted data of node__field_contract_officer_represent field from - https://catalog.sec.gov/node/7761
. Deleted data of node__field_contract_officer_represent field from - https://catalog.sec.gov/node/8386
. Deleted data of node__field_contract_officer_represent field from - https://catalog.sec.gov/node/9626
. Deleted data of node__field_contract_officer_represent field from - https://catalog.sec.gov/node/9661
. Deleted data of node__field_contract_officer_represent field from - https://catalog.sec.gov/node/9691
. Deleted data of node__field_contract_officer_represent field from - https://catalog.sec.gov/node/9791
. Deleted data of node__field_contract_officer_represent field from - https://catalog.sec.gov/node/9796
. Deleted data of node__field_contract_officer_represent field from - https://catalog.sec.gov/node/9836
. Deleted data of node__field_contract_officer_represent field from - https://catalog.sec.gov/node/9911
. Deleted data of node__field_contract_officer_represent field from - https://catalog.sec.gov/node/11436
. Deleted data of node__field_contract_officer_represent field from - https://catalog.sec.gov/node/11441
. Deleted data of node__field_contract_officer_represent field from - https://catalog.sec.gov/node/11451
. Deleted data of node__field_contract_officer_represent field from - https://catalog.sec.gov/node/11456
. Deleted data of node__field_contract_officer_represent field from - https://catalog.sec.gov/node/11461
. Deleted data of node__field_contract_officer_represent field from - https://catalog.sec.gov/node/15581
. Deleted data of node__field_contract_officer_represent field from - https://catalog.sec.gov/node/17621
. Deleted data of node__field_contract_officer_represent field from - https://catalog.sec.gov/node/26761

 Deleting IDs from node__point_of_contact table. 
. Deleted data of node__point_of_contact field from - https://catalog.sec.gov/node/4171
. Deleted data of node__point_of_contact field from - https://catalog.sec.gov/node/4181
. Deleted data of node__point_of_contact field from - https://catalog.sec.gov/node/4186
. Deleted data of node__point_of_contact field from - https://catalog.sec.gov/node/4211
. Deleted data of node__point_of_contact field from - https://catalog.sec.gov/node/4236
. Deleted data of node__point_of_contact field from - https://catalog.sec.gov/node/4246
. Deleted data of node__point_of_contact field from - https://catalog.sec.gov/node/4261
. Deleted data of node__point_of_contact field from - https://catalog.sec.gov/node/4266
. Deleted data of node__point_of_contact field from - https://catalog.sec.gov/node/4276
. Deleted data of node__point_of_contact field from - https://catalog.sec.gov/node/4291
. Deleted data of node__point_of_contact field from - https://catalog.sec.gov/node/4301
. Deleted data of node__point_of_contact field from - https://catalog.sec.gov/node/4311
. Deleted data of node__point_of_contact field from - https://catalog.sec.gov/node/4351
. Deleted data of node__point_of_contact field from - https://catalog.sec.gov/node/4371
. Deleted data of node__point_of_contact field from - https://catalog.sec.gov/node/4396
. Deleted data of node__point_of_contact field from - https://catalog.sec.gov/node/4436
. Deleted data of node__point_of_contact field from - https://catalog.sec.gov/node/4456
. Deleted data of node__point_of_contact field from - https://catalog.sec.gov/node/4536
. Deleted data of node__point_of_contact field from - https://catalog.sec.gov/node/4566
. Deleted data of node__point_of_contact field from - https://catalog.sec.gov/node/4571
. Deleted data of node__point_of_contact field from - https://catalog.sec.gov/node/4646
. Deleted data of node__point_of_contact field from - https://catalog.sec.gov/node/4661
. Deleted data of node__point_of_contact field from - https://catalog.sec.gov/node/4661
. Deleted data of node__point_of_contact field from - https://catalog.sec.gov/node/4666
. Deleted data of node__point_of_contact field from - https://catalog.sec.gov/node/4671
. Deleted data of node__point_of_contact field from - https://catalog.sec.gov/node/4696
. Deleted data of node__point_of_contact field from - https://catalog.sec.gov/node/4696
. Deleted data of node__point_of_contact field from - https://catalog.sec.gov/node/4701
. Deleted data of node__point_of_contact field from - https://catalog.sec.gov/node/4741
. Deleted data of node__point_of_contact field from - https://catalog.sec.gov/node/4746
. Deleted data of node__point_of_contact field from - https://catalog.sec.gov/node/4761
. Deleted data of node__point_of_contact field from - https://catalog.sec.gov/node/4766
. Deleted data of node__point_of_contact field from - https://catalog.sec.gov/node/4826
. Deleted data of node__point_of_contact field from - https://catalog.sec.gov/node/4841
. Deleted data of node__point_of_contact field from - https://catalog.sec.gov/node/4856
. Deleted data of node__point_of_contact field from - https://catalog.sec.gov/node/4866
. Deleted data of node__point_of_contact field from - https://catalog.sec.gov/node/4876
. Deleted data of node__point_of_contact field from - https://catalog.sec.gov/node/4896
. Deleted data of node__point_of_contact field from - https://catalog.sec.gov/node/4901
. Deleted data of node__point_of_contact field from - https://catalog.sec.gov/node/4906
. Deleted data of node__point_of_contact field from - https://catalog.sec.gov/node/4911
. Deleted data of node__point_of_contact field from - https://catalog.sec.gov/node/4916
. Deleted data of node__point_of_contact field from - https://catalog.sec.gov/node/4921
. Deleted data of node__point_of_contact field from - https://catalog.sec.gov/node/4926
. Deleted data of node__point_of_contact field from - https://catalog.sec.gov/node/4936
. Deleted data of node__point_of_contact field from - https://catalog.sec.gov/node/4941
. Deleted data of node__point_of_contact field from - https://catalog.sec.gov/node/4946
. Deleted data of node__point_of_contact field from - https://catalog.sec.gov/node/4951
. Deleted data of node__point_of_contact field from - https://catalog.sec.gov/node/4951
. Deleted data of node__point_of_contact field from - https://catalog.sec.gov/node/4966
. Deleted data of node__point_of_contact field from - https://catalog.sec.gov/node/4976
. Deleted data of node__point_of_contact field from - https://catalog.sec.gov/node/4986
. Deleted data of node__point_of_contact field from - https://catalog.sec.gov/node/4991
. Deleted data of node__point_of_contact field from - https://catalog.sec.gov/node/5001
. Deleted data of node__point_of_contact field from - https://catalog.sec.gov/node/5016
. Deleted data of node__point_of_contact field from - https://catalog.sec.gov/node/5021
. Deleted data of node__point_of_contact field from - https://catalog.sec.gov/node/5026
. Deleted data of node__point_of_contact field from - https://catalog.sec.gov/node/5031
. Deleted data of node__point_of_contact field from - https://catalog.sec.gov/node/5036
. Deleted data of node__point_of_contact field from - https://catalog.sec.gov/node/5041
. Deleted data of node__point_of_contact field from - https://catalog.sec.gov/node/5046
. Deleted data of node__point_of_contact field from - https://catalog.sec.gov/node/5096
. Deleted data of node__point_of_contact field from - https://catalog.sec.gov/node/5101
. Deleted data of node__point_of_contact field from - https://catalog.sec.gov/node/5106
. Deleted data of node__point_of_contact field from - https://catalog.sec.gov/node/5111
. Deleted data of node__point_of_contact field from - https://catalog.sec.gov/node/5116
. Deleted data of node__point_of_contact field from - https://catalog.sec.gov/node/5121
. Deleted data of node__point_of_contact field from - https://catalog.sec.gov/node/5126
. Deleted data of node__point_of_contact field from - https://catalog.sec.gov/node/5131
. Deleted data of node__point_of_contact field from - https://catalog.sec.gov/node/5136
. Deleted data of node__point_of_contact field from - https://catalog.sec.gov/node/5141
. Deleted data of node__point_of_contact field from - https://catalog.sec.gov/node/5151
. Deleted data of node__point_of_contact field from - https://catalog.sec.gov/node/5156
. Deleted data of node__point_of_contact field from - https://catalog.sec.gov/node/5161
. Deleted data of node__point_of_contact field from - https://catalog.sec.gov/node/5166
. Deleted data of node__point_of_contact field from - https://catalog.sec.gov/node/5171
. Deleted data of node__point_of_contact field from - https://catalog.sec.gov/node/5181
. Deleted data of node__point_of_contact field from - https://catalog.sec.gov/node/5181
. Deleted data of node__point_of_contact field from - https://catalog.sec.gov/node/5181
. Deleted data of node__point_of_contact field from - https://catalog.sec.gov/node/5186
. Deleted data of node__point_of_contact field from - https://catalog.sec.gov/node/5201
. Deleted data of node__point_of_contact field from - https://catalog.sec.gov/node/5221
. Deleted data of node__point_of_contact field from - https://catalog.sec.gov/node/5231
. Deleted data of node__point_of_contact field from - https://catalog.sec.gov/node/5246
. Deleted data of node__point_of_contact field from - https://catalog.sec.gov/node/5251
. Deleted data of node__point_of_contact field from - https://catalog.sec.gov/node/5261
. Deleted data of node__point_of_contact field from - https://catalog.sec.gov/node/5276
. Deleted data of node__point_of_contact field from - https://catalog.sec.gov/node/5306
. Deleted data of node__point_of_contact field from - https://catalog.sec.gov/node/5311
. Deleted data of node__point_of_contact field from - https://catalog.sec.gov/node/5326
. Deleted data of node__point_of_contact field from - https://catalog.sec.gov/node/5331
. Deleted data of node__point_of_contact field from - https://catalog.sec.gov/node/5336
. Deleted data of node__point_of_contact field from - https://catalog.sec.gov/node/5341
. Deleted data of node__point_of_contact field from - https://catalog.sec.gov/node/5371
. Deleted data of node__point_of_contact field from - https://catalog.sec.gov/node/5391
. Deleted data of node__point_of_contact field from - https://catalog.sec.gov/node/5406
. Deleted data of node__point_of_contact field from - https://catalog.sec.gov/node/5411
. Deleted data of node__point_of_contact field from - https://catalog.sec.gov/node/5416
. Deleted data of node__point_of_contact field from - https://catalog.sec.gov/node/5486
. Deleted data of node__point_of_contact field from - https://catalog.sec.gov/node/5496
. Deleted data of node__point_of_contact field from - https://catalog.sec.gov/node/5496
. Deleted data of node__point_of_contact field from - https://catalog.sec.gov/node/5501
. Deleted data of node__point_of_contact field from - https://catalog.sec.gov/node/5536
. Deleted data of node__point_of_contact field from - https://catalog.sec.gov/node/5546
. Deleted data of node__point_of_contact field from - https://catalog.sec.gov/node/5566
. Deleted data of node__point_of_contact field from - https://catalog.sec.gov/node/5586
. Deleted data of node__point_of_contact field from - https://catalog.sec.gov/node/5621
. Deleted data of node__point_of_contact field from - https://catalog.sec.gov/node/5636
. Deleted data of node__point_of_contact field from - https://catalog.sec.gov/node/5681
. Deleted data of node__point_of_contact field from - https://catalog.sec.gov/node/5691
. Deleted data of node__point_of_contact field from - https://catalog.sec.gov/node/5691
. Deleted data of node__point_of_contact field from - https://catalog.sec.gov/node/5696
. Deleted data of node__point_of_contact field from - https://catalog.sec.gov/node/5701
. Deleted data of node__point_of_contact field from - https://catalog.sec.gov/node/5736
. Deleted data of node__point_of_contact field from - https://catalog.sec.gov/node/5741
. Deleted data of node__point_of_contact field from - https://catalog.sec.gov/node/5771
. Deleted data of node__point_of_contact field from - https://catalog.sec.gov/node/5776
. Deleted data of node__point_of_contact field from - https://catalog.sec.gov/node/5781
. Deleted data of node__point_of_contact field from - https://catalog.sec.gov/node/5806
. Deleted data of node__point_of_contact field from - https://catalog.sec.gov/node/5811
. Deleted data of node__point_of_contact field from - https://catalog.sec.gov/node/5816
. Deleted data of node__point_of_contact field from - https://catalog.sec.gov/node/5826
. Deleted data of node__point_of_contact field from - https://catalog.sec.gov/node/5846
. Deleted data of node__point_of_contact field from - https://catalog.sec.gov/node/5856
. Deleted data of node__point_of_contact field from - https://catalog.sec.gov/node/5856
. Deleted data of node__point_of_contact field from - https://catalog.sec.gov/node/6006
. Deleted data of node__point_of_contact field from - https://catalog.sec.gov/node/6391
. Deleted data of node__point_of_contact field from - https://catalog.sec.gov/node/7091
. Deleted data of node__point_of_contact field from - https://catalog.sec.gov/node/7096
. Deleted data of node__point_of_contact field from - https://catalog.sec.gov/node/7716
. Deleted data of node__point_of_contact field from - https://catalog.sec.gov/node/7836
. Deleted data of node__point_of_contact field from - https://catalog.sec.gov/node/7841
. Deleted data of node__point_of_contact field from - https://catalog.sec.gov/node/7866
. Deleted data of node__point_of_contact field from - https://catalog.sec.gov/node/7866
. Deleted data of node__point_of_contact field from - https://catalog.sec.gov/node/7871
. Deleted data of node__point_of_contact field from - https://catalog.sec.gov/node/7876
. Deleted data of node__point_of_contact field from - https://catalog.sec.gov/node/7881
. Deleted data of node__point_of_contact field from - https://catalog.sec.gov/node/7886
. Deleted data of node__point_of_contact field from - https://catalog.sec.gov/node/8386
. Deleted data of node__point_of_contact field from - https://catalog.sec.gov/node/8466
. Deleted data of node__point_of_contact field from - https://catalog.sec.gov/node/8511
. Deleted data of node__point_of_contact field from - https://catalog.sec.gov/node/8526
. Deleted data of node__point_of_contact field from - https://catalog.sec.gov/node/8691
. Deleted data of node__point_of_contact field from - https://catalog.sec.gov/node/8696
. Deleted data of node__point_of_contact field from - https://catalog.sec.gov/node/9016
. Deleted data of node__point_of_contact field from - https://catalog.sec.gov/node/9016
. Deleted data of node__point_of_contact field from - https://catalog.sec.gov/node/9336
. Deleted data of node__point_of_contact field from - https://catalog.sec.gov/node/9341
. Deleted data of node__point_of_contact field from - https://catalog.sec.gov/node/9371
. Deleted data of node__point_of_contact field from - https://catalog.sec.gov/node/9371
. Deleted data of node__point_of_contact field from - https://catalog.sec.gov/node/9371
. Deleted data of node__point_of_contact field from - https://catalog.sec.gov/node/9661
. Deleted data of node__point_of_contact field from - https://catalog.sec.gov/node/9691
. Deleted data of node__point_of_contact field from - https://catalog.sec.gov/node/9791
. Deleted data of node__point_of_contact field from - https://catalog.sec.gov/node/9796
. Deleted data of node__point_of_contact field from - https://catalog.sec.gov/node/9836
. Deleted data of node__point_of_contact field from - https://catalog.sec.gov/node/9836
. Deleted data of node__point_of_contact field from - https://catalog.sec.gov/node/9886
. Deleted data of node__point_of_contact field from - https://catalog.sec.gov/node/11451
. Deleted data of node__point_of_contact field from - https://catalog.sec.gov/node/11456
. Deleted data of node__point_of_contact field from - https://catalog.sec.gov/node/15581
. Deleted data of node__point_of_contact field from - https://catalog.sec.gov/node/17621
. Deleted data of node__point_of_contact field from - https://catalog.sec.gov/node/23891
. Deleted data of node__point_of_contact field from - https://catalog.sec.gov/node/25846
. Deleted data of node__point_of_contact field from - https://catalog.sec.gov/node/25906
. Deleted data of node__point_of_contact field from - https://catalog.sec.gov/node/26746
. Deleted data of node__point_of_contact field from - https://catalog.sec.gov/node/26761

 Deleting IDs from node__subject_matter_expert table. 
. Deleted data of node__subject_matter_expert field from - https://catalog.sec.gov/node/4171
. Deleted data of node__subject_matter_expert field from - https://catalog.sec.gov/node/4181
. Deleted data of node__subject_matter_expert field from - https://catalog.sec.gov/node/4226
. Deleted data of node__subject_matter_expert field from - https://catalog.sec.gov/node/4236
. Deleted data of node__subject_matter_expert field from - https://catalog.sec.gov/node/4236
. Deleted data of node__subject_matter_expert field from - https://catalog.sec.gov/node/4241
. Deleted data of node__subject_matter_expert field from - https://catalog.sec.gov/node/4246
. Deleted data of node__subject_matter_expert field from - https://catalog.sec.gov/node/4256
. Deleted data of node__subject_matter_expert field from - https://catalog.sec.gov/node/4271
. Deleted data of node__subject_matter_expert field from - https://catalog.sec.gov/node/4271
. Deleted data of node__subject_matter_expert field from - https://catalog.sec.gov/node/4291
. Deleted data of node__subject_matter_expert field from - https://catalog.sec.gov/node/4301
. Deleted data of node__subject_matter_expert field from - https://catalog.sec.gov/node/4311
. Deleted data of node__subject_matter_expert field from - https://catalog.sec.gov/node/4371
. Deleted data of node__subject_matter_expert field from - https://catalog.sec.gov/node/4436
. Deleted data of node__subject_matter_expert field from - https://catalog.sec.gov/node/4456
. Deleted data of node__subject_matter_expert field from - https://catalog.sec.gov/node/4551
. Deleted data of node__subject_matter_expert field from - https://catalog.sec.gov/node/4551
. Deleted data of node__subject_matter_expert field from - https://catalog.sec.gov/node/4551
. Deleted data of node__subject_matter_expert field from - https://catalog.sec.gov/node/4551
. Deleted data of node__subject_matter_expert field from - https://catalog.sec.gov/node/4746
. Deleted data of node__subject_matter_expert field from - https://catalog.sec.gov/node/4761
. Deleted data of node__subject_matter_expert field from - https://catalog.sec.gov/node/4781
. Deleted data of node__subject_matter_expert field from - https://catalog.sec.gov/node/4791
. Deleted data of node__subject_matter_expert field from - https://catalog.sec.gov/node/4866
. Deleted data of node__subject_matter_expert field from - https://catalog.sec.gov/node/4866
. Deleted data of node__subject_matter_expert field from - https://catalog.sec.gov/node/4886
. Deleted data of node__subject_matter_expert field from - https://catalog.sec.gov/node/4891
. Deleted data of node__subject_matter_expert field from - https://catalog.sec.gov/node/4891
. Deleted data of node__subject_matter_expert field from - https://catalog.sec.gov/node/4906
. Deleted data of node__subject_matter_expert field from - https://catalog.sec.gov/node/4906
. Deleted data of node__subject_matter_expert field from - https://catalog.sec.gov/node/4916
. Deleted data of node__subject_matter_expert field from - https://catalog.sec.gov/node/4921
. Deleted data of node__subject_matter_expert field from - https://catalog.sec.gov/node/4921
. Deleted data of node__subject_matter_expert field from - https://catalog.sec.gov/node/4926
. Deleted data of node__subject_matter_expert field from - https://catalog.sec.gov/node/4936
. Deleted data of node__subject_matter_expert field from - https://catalog.sec.gov/node/4986
. Deleted data of node__subject_matter_expert field from - https://catalog.sec.gov/node/4991
. Deleted data of node__subject_matter_expert field from - https://catalog.sec.gov/node/5016
. Deleted data of node__subject_matter_expert field from - https://catalog.sec.gov/node/5016
. Deleted data of node__subject_matter_expert field from - https://catalog.sec.gov/node/5021
. Deleted data of node__subject_matter_expert field from - https://catalog.sec.gov/node/5021
. Deleted data of node__subject_matter_expert field from - https://catalog.sec.gov/node/5021
. Deleted data of node__subject_matter_expert field from - https://catalog.sec.gov/node/5026
. Deleted data of node__subject_matter_expert field from - https://catalog.sec.gov/node/5026
. Deleted data of node__subject_matter_expert field from - https://catalog.sec.gov/node/5026
. Deleted data of node__subject_matter_expert field from - https://catalog.sec.gov/node/5031
. Deleted data of node__subject_matter_expert field from - https://catalog.sec.gov/node/5041
. Deleted data of node__subject_matter_expert field from - https://catalog.sec.gov/node/5046
. Deleted data of node__subject_matter_expert field from - https://catalog.sec.gov/node/5046
. Deleted data of node__subject_matter_expert field from - https://catalog.sec.gov/node/5061
. Deleted data of node__subject_matter_expert field from - https://catalog.sec.gov/node/5086
. Deleted data of node__subject_matter_expert field from - https://catalog.sec.gov/node/5106
. Deleted data of node__subject_matter_expert field from - https://catalog.sec.gov/node/5121
. Deleted data of node__subject_matter_expert field from - https://catalog.sec.gov/node/5126
. Deleted data of node__subject_matter_expert field from - https://catalog.sec.gov/node/5131
. Deleted data of node__subject_matter_expert field from - https://catalog.sec.gov/node/5131
. Deleted data of node__subject_matter_expert field from - https://catalog.sec.gov/node/5131
. Deleted data of node__subject_matter_expert field from - https://catalog.sec.gov/node/5131
. Deleted data of node__subject_matter_expert field from - https://catalog.sec.gov/node/5131
. Deleted data of node__subject_matter_expert field from - https://catalog.sec.gov/node/5136
. Deleted data of node__subject_matter_expert field from - https://catalog.sec.gov/node/5136
. Deleted data of node__subject_matter_expert field from - https://catalog.sec.gov/node/5136
. Deleted data of node__subject_matter_expert field from - https://catalog.sec.gov/node/5141
. Deleted data of node__subject_matter_expert field from - https://catalog.sec.gov/node/5141
. Deleted data of node__subject_matter_expert field from - https://catalog.sec.gov/node/5151
. Deleted data of node__subject_matter_expert field from - https://catalog.sec.gov/node/5156
. Deleted data of node__subject_matter_expert field from - https://catalog.sec.gov/node/5161
. Deleted data of node__subject_matter_expert field from - https://catalog.sec.gov/node/5166
. Deleted data of node__subject_matter_expert field from - https://catalog.sec.gov/node/5171
. Deleted data of node__subject_matter_expert field from - https://catalog.sec.gov/node/5181
. Deleted data of node__subject_matter_expert field from - https://catalog.sec.gov/node/5186
. Deleted data of node__subject_matter_expert field from - https://catalog.sec.gov/node/5206
. Deleted data of node__subject_matter_expert field from - https://catalog.sec.gov/node/5206
. Deleted data of node__subject_matter_expert field from - https://catalog.sec.gov/node/5206
. Deleted data of node__subject_matter_expert field from - https://catalog.sec.gov/node/5216
. Deleted data of node__subject_matter_expert field from - https://catalog.sec.gov/node/5221
. Deleted data of node__subject_matter_expert field from - https://catalog.sec.gov/node/5246
. Deleted data of node__subject_matter_expert field from - https://catalog.sec.gov/node/5251
. Deleted data of node__subject_matter_expert field from - https://catalog.sec.gov/node/5251
. Deleted data of node__subject_matter_expert field from - https://catalog.sec.gov/node/5261
. Deleted data of node__subject_matter_expert field from - https://catalog.sec.gov/node/5306
. Deleted data of node__subject_matter_expert field from - https://catalog.sec.gov/node/5306
. Deleted data of node__subject_matter_expert field from - https://catalog.sec.gov/node/5331
. Deleted data of node__subject_matter_expert field from - https://catalog.sec.gov/node/5371
. Deleted data of node__subject_matter_expert field from - https://catalog.sec.gov/node/5391
. Deleted data of node__subject_matter_expert field from - https://catalog.sec.gov/node/5406
. Deleted data of node__subject_matter_expert field from - https://catalog.sec.gov/node/5411
. Deleted data of node__subject_matter_expert field from - https://catalog.sec.gov/node/5536
. Deleted data of node__subject_matter_expert field from - https://catalog.sec.gov/node/5621
. Deleted data of node__subject_matter_expert field from - https://catalog.sec.gov/node/5626
. Deleted data of node__subject_matter_expert field from - https://catalog.sec.gov/node/5626
. Deleted data of node__subject_matter_expert field from - https://catalog.sec.gov/node/5626
. Deleted data of node__subject_matter_expert field from - https://catalog.sec.gov/node/5681
. Deleted data of node__subject_matter_expert field from - https://catalog.sec.gov/node/5731
. Deleted data of node__subject_matter_expert field from - https://catalog.sec.gov/node/5736
. Deleted data of node__subject_matter_expert field from - https://catalog.sec.gov/node/5736
. Deleted data of node__subject_matter_expert field from - https://catalog.sec.gov/node/5781
. Deleted data of node__subject_matter_expert field from - https://catalog.sec.gov/node/5781
. Deleted data of node__subject_matter_expert field from - https://catalog.sec.gov/node/5806
. Deleted data of node__subject_matter_expert field from - https://catalog.sec.gov/node/5811
. Deleted data of node__subject_matter_expert field from - https://catalog.sec.gov/node/5811
. Deleted data of node__subject_matter_expert field from - https://catalog.sec.gov/node/5811
. Deleted data of node__subject_matter_expert field from - https://catalog.sec.gov/node/5816
. Deleted data of node__subject_matter_expert field from - https://catalog.sec.gov/node/5826
. Deleted data of node__subject_matter_expert field from - https://catalog.sec.gov/node/6391
. Deleted data of node__subject_matter_expert field from - https://catalog.sec.gov/node/7716
. Deleted data of node__subject_matter_expert field from - https://catalog.sec.gov/node/8386
. Deleted data of node__subject_matter_expert field from - https://catalog.sec.gov/node/8386
. Deleted data of node__subject_matter_expert field from - https://catalog.sec.gov/node/8386
. Deleted data of node__subject_matter_expert field from - https://catalog.sec.gov/node/8466
. Deleted data of node__subject_matter_expert field from - https://catalog.sec.gov/node/8476
. Deleted data of node__subject_matter_expert field from - https://catalog.sec.gov/node/8501
. Deleted data of node__subject_matter_expert field from - https://catalog.sec.gov/node/8511
. Deleted data of node__subject_matter_expert field from - https://catalog.sec.gov/node/8516
. Deleted data of node__subject_matter_expert field from - https://catalog.sec.gov/node/8526
. Deleted data of node__subject_matter_expert field from - https://catalog.sec.gov/node/8616
. Deleted data of node__subject_matter_expert field from - https://catalog.sec.gov/node/8616
. Deleted data of node__subject_matter_expert field from - https://catalog.sec.gov/node/8616
. Deleted data of node__subject_matter_expert field from - https://catalog.sec.gov/node/8686
. Deleted data of node__subject_matter_expert field from - https://catalog.sec.gov/node/8686
. Deleted data of node__subject_matter_expert field from - https://catalog.sec.gov/node/8691
. Deleted data of node__subject_matter_expert field from - https://catalog.sec.gov/node/8691
. Deleted data of node__subject_matter_expert field from - https://catalog.sec.gov/node/8696
. Deleted data of node__subject_matter_expert field from - https://catalog.sec.gov/node/8881
. Deleted data of node__subject_matter_expert field from - https://catalog.sec.gov/node/8981
. Deleted data of node__subject_matter_expert field from - https://catalog.sec.gov/node/9691
. Deleted data of node__subject_matter_expert field from - https://catalog.sec.gov/node/9816
. Deleted data of node__subject_matter_expert field from - https://catalog.sec.gov/node/9816
. Deleted data of node__subject_matter_expert field from - https://catalog.sec.gov/node/9826
. Deleted data of node__subject_matter_expert field from - https://catalog.sec.gov/node/9826
. Deleted data of node__subject_matter_expert field from - https://catalog.sec.gov/node/9836
. Deleted data of node__subject_matter_expert field from - https://catalog.sec.gov/node/9836
. Deleted data of node__subject_matter_expert field from - https://catalog.sec.gov/node/9886
. Deleted data of node__subject_matter_expert field from - https://catalog.sec.gov/node/11241
. Deleted data of node__subject_matter_expert field from - https://catalog.sec.gov/node/11441
. Deleted data of node__subject_matter_expert field from - https://catalog.sec.gov/node/11441
. Deleted data of node__subject_matter_expert field from - https://catalog.sec.gov/node/11461
. Deleted data of node__subject_matter_expert field from - https://catalog.sec.gov/node/17621
. Deleted data of node__subject_matter_expert field from - https://catalog.sec.gov/node/25831
. Deleted data of node__subject_matter_expert field from - https://catalog.sec.gov/node/25841
. Deleted data of node__subject_matter_expert field from - https://catalog.sec.gov/node/25846
. Deleted data of node__subject_matter_expert field from - https://catalog.sec.gov/node/25906
. Deleted data of node__subject_matter_expert field from - https://catalog.sec.gov/node/26446
. Deleted data of node__subject_matter_expert field from - https://catalog.sec.gov/node/26661

 Deleting IDs from node__field_technical_contact table. 
. Deleted data of node__field_technical_contact field from - https://catalog.sec.gov/node/4171
. Deleted data of node__field_technical_contact field from - https://catalog.sec.gov/node/4241
. Deleted data of node__field_technical_contact field from - https://catalog.sec.gov/node/4271
. Deleted data of node__field_technical_contact field from - https://catalog.sec.gov/node/4291
. Deleted data of node__field_technical_contact field from - https://catalog.sec.gov/node/4311
. Deleted data of node__field_technical_contact field from - https://catalog.sec.gov/node/4456
. Deleted data of node__field_technical_contact field from - https://catalog.sec.gov/node/4566
. Deleted data of node__field_technical_contact field from - https://catalog.sec.gov/node/4646
. Deleted data of node__field_technical_contact field from - https://catalog.sec.gov/node/4666
. Deleted data of node__field_technical_contact field from - https://catalog.sec.gov/node/4841
. Deleted data of node__field_technical_contact field from - https://catalog.sec.gov/node/4886
. Deleted data of node__field_technical_contact field from - https://catalog.sec.gov/node/4916
. Deleted data of node__field_technical_contact field from - https://catalog.sec.gov/node/4921
. Deleted data of node__field_technical_contact field from - https://catalog.sec.gov/node/4926
. Deleted data of node__field_technical_contact field from - https://catalog.sec.gov/node/4936
. Deleted data of node__field_technical_contact field from - https://catalog.sec.gov/node/4941
. Deleted data of node__field_technical_contact field from - https://catalog.sec.gov/node/4991
. Deleted data of node__field_technical_contact field from - https://catalog.sec.gov/node/5041
. Deleted data of node__field_technical_contact field from - https://catalog.sec.gov/node/5101
. Deleted data of node__field_technical_contact field from - https://catalog.sec.gov/node/5111
. Deleted data of node__field_technical_contact field from - https://catalog.sec.gov/node/5126
. Deleted data of node__field_technical_contact field from - https://catalog.sec.gov/node/5136
. Deleted data of node__field_technical_contact field from - https://catalog.sec.gov/node/5141
. Deleted data of node__field_technical_contact field from - https://catalog.sec.gov/node/5151
. Deleted data of node__field_technical_contact field from - https://catalog.sec.gov/node/5156
. Deleted data of node__field_technical_contact field from - https://catalog.sec.gov/node/5161
. Deleted data of node__field_technical_contact field from - https://catalog.sec.gov/node/5166
. Deleted data of node__field_technical_contact field from - https://catalog.sec.gov/node/5181
. Deleted data of node__field_technical_contact field from - https://catalog.sec.gov/node/5201
. Deleted data of node__field_technical_contact field from - https://catalog.sec.gov/node/5206
. Deleted data of node__field_technical_contact field from - https://catalog.sec.gov/node/5216
. Deleted data of node__field_technical_contact field from - https://catalog.sec.gov/node/5221
. Deleted data of node__field_technical_contact field from - https://catalog.sec.gov/node/5261
. Deleted data of node__field_technical_contact field from - https://catalog.sec.gov/node/5331
. Deleted data of node__field_technical_contact field from - https://catalog.sec.gov/node/5391
. Deleted data of node__field_technical_contact field from - https://catalog.sec.gov/node/5486
. Deleted data of node__field_technical_contact field from - https://catalog.sec.gov/node/5536
. Deleted data of node__field_technical_contact field from - https://catalog.sec.gov/node/5546
. Deleted data of node__field_technical_contact field from - https://catalog.sec.gov/node/5601
. Deleted data of node__field_technical_contact field from - https://catalog.sec.gov/node/5606
. Deleted data of node__field_technical_contact field from - https://catalog.sec.gov/node/5621
. Deleted data of node__field_technical_contact field from - https://catalog.sec.gov/node/5691
. Deleted data of node__field_technical_contact field from - https://catalog.sec.gov/node/5696
. Deleted data of node__field_technical_contact field from - https://catalog.sec.gov/node/5701
. Deleted data of node__field_technical_contact field from - https://catalog.sec.gov/node/5736
. Deleted data of node__field_technical_contact field from - https://catalog.sec.gov/node/5741
. Deleted data of node__field_technical_contact field from - https://catalog.sec.gov/node/5806
. Deleted data of node__field_technical_contact field from - https://catalog.sec.gov/node/5811
. Deleted data of node__field_technical_contact field from - https://catalog.sec.gov/node/5816
. Deleted data of node__field_technical_contact field from - https://catalog.sec.gov/node/5826
. Deleted data of node__field_technical_contact field from - https://catalog.sec.gov/node/5856
. Deleted data of node__field_technical_contact field from - https://catalog.sec.gov/node/6391
. Deleted data of node__field_technical_contact field from - https://catalog.sec.gov/node/7876
. Deleted data of node__field_technical_contact field from - https://catalog.sec.gov/node/8476
. Deleted data of node__field_technical_contact field from - https://catalog.sec.gov/node/8501
. Deleted data of node__field_technical_contact field from - https://catalog.sec.gov/node/8511
. Deleted data of node__field_technical_contact field from - https://catalog.sec.gov/node/8516
. Deleted data of node__field_technical_contact field from - https://catalog.sec.gov/node/8526
. Deleted data of node__field_technical_contact field from - https://catalog.sec.gov/node/8616
. Deleted data of node__field_technical_contact field from - https://catalog.sec.gov/node/8616
. Deleted data of node__field_technical_contact field from - https://catalog.sec.gov/node/9371
. Deleted data of node__field_technical_contact field from - https://catalog.sec.gov/node/9686
. Deleted data of node__field_technical_contact field from - https://catalog.sec.gov/node/9886
. Deleted data of node__field_technical_contact field from - https://catalog.sec.gov/node/10986
. Deleted data of node__field_technical_contact field from - https://catalog.sec.gov/node/11241
. Deleted data of node__field_technical_contact field from - https://catalog.sec.gov/node/17621
. Deleted data of node__field_technical_contact field from - https://catalog.sec.gov/node/25831
. Deleted data of node__field_technical_contact field from - https://catalog.sec.gov/node/25841
. Deleted data of node__field_technical_contact field from - https://catalog.sec.gov/node/25846
. Deleted data of node__field_technical_contact field from - https://catalog.sec.gov/node/26446
